<?xml version="1.0" encoding="UTF-8"?>
<testsuites name="Sign IN" time="194" tests="1" failures="0" errors="0">
   <testsuite name="Sign IN" tests="1" failures="0" errors="0" time="194" timestamp="2018-11-21 19:06:02" hostname="Asset-192 - WINCTRL-I1MBNJ3" id="Test Suites/Sign IN">
      <properties>
         <property name="deviceName" value=""/>
         <property name="devicePlatform" value=""/>
         <property name="logFolder" value="C:\\Users\\Asset-192\\Katalon Studio\\Workilo\\Reports\\Sign IN\\20181121_190558"/>
         <property name="logFiles" value="C:\\Users\\Asset-192\\Katalon Studio\\Workilo\\Reports\\Sign IN\\20181121_190558\\execution0.log"/>
         <property name="attachments" value="C:\\Users\\Asset-192\\Katalon Studio\\Workilo\\Reports\\Sign IN\\20181121_190558\\1542807446544.png, C:\\Users\\Asset-192\\Katalon Studio\\Workilo\\Reports\\Sign IN\\20181121_190558\\1542807478871.png, C:\\Users\\Asset-192\\Katalon Studio\\Workilo\\Reports\\Sign IN\\20181121_190558\\1542807523972.png, C:\\Users\\Asset-192\\Katalon Studio\\Workilo\\Reports\\Sign IN\\20181121_190558\\1542807555834.png"/>
         <property name="hostName" value="Asset-192 - WINCTRL-I1MBNJ3"/>
         <property name="os" value="Windows 8.1 64bit"/>
         <property name="katalonVersion" value="5.8.6.1"/>
         <property name="browser" value="Chrome 70.0.3538.102"/>
         <property name="hostAddress" value="192.168.0.110"/>
         <property name="sessionId" value="c6ca06a1b83a2b33aaa26e9cdae0a616"/>
         <property name="seleniumVersion" value="3.7.1"/>
         <property name="proxyInformation" value="ProxyInformation{proxyOption=NO_PROXY, proxyServerType=HTTP, password=, proxyServerAddress=, proxyServerPort=0}"/>
         <property name="platform" value="Windows 8.1"/>
      </properties>
      <testcase name="Test Cases/SignInWithExcel" classname="Test Cases/SignInWithExcel" status="PASSED">
         <system-out><![CDATA[2018-11-21 19:06:03 - [TEST_CASE][PASSED] - Test Cases/SignInWithExcel: Test Cases/SignInWithExcel

2018-11-21 19:06:04 - [TEST_STEP][PASSED] - Statement - For ([row = 1, row <= com.kms.katalon.core.testdata.TestDataFactory.findTestData(SystemLogin).getRowNumbers(), (row++)]): Browser is closed

2018-11-21 19:06:05 - [TEST_STEP][PASSED] - openBrowser: Browser is opened with url: ''

2018-11-21 19:06:09 - [MESSAGE][PASSED] - Browser is opened with url: ''

2018-11-21 19:06:09 - [TEST_STEP][PASSED] - navigateToUrl: Navigate to 'https://www.workilo.com/' successfully

2018-11-21 19:06:39 - [MESSAGE][PASSED] - Navigate to 'https://www.workilo.com/' successfully

2018-11-21 19:06:39 - [TEST_STEP][PASSED] - maximizeWindow: Current window maximized

2018-11-21 19:06:40 - [MESSAGE][PASSED] - Current window maximized

2018-11-21 19:06:40 - [TEST_STEP][PASSED] - click: Object: 'Object Repository/Add Listing/Page_Workilo  Welcome/a_Log In' is clicked on

2018-11-21 19:06:41 - [MESSAGE][PASSED] - Object: 'Object Repository/Add Listing/Page_Workilo  Welcome/a_Log In' is clicked on

2018-11-21 19:06:41 - [TEST_STEP][PASSED] - setText: Text '' is set on object 'Object Repository/Add Listing/Page_Workilo  Welcome/input_email_address'

2018-11-21 19:06:41 - [MESSAGE][PASSED] - Text '' is set on object 'Object Repository/Add Listing/Page_Workilo  Welcome/input_email_address'

2018-11-21 19:06:41 - [TEST_STEP][PASSED] - setText: Text '' is set on object 'Object Repository/Add Listing/Page_Workilo  Welcome/input_password'

2018-11-21 19:06:42 - [MESSAGE][PASSED] - Text '' is set on object 'Object Repository/Add Listing/Page_Workilo  Welcome/input_password'

2018-11-21 19:06:42 - [TEST_STEP][PASSED] - click: Object: 'Object Repository/Add Listing/Page_Workilo  Welcome/input_button' is clicked on

2018-11-21 19:06:42 - [MESSAGE][PASSED] - Object: 'Object Repository/Add Listing/Page_Workilo  Welcome/input_button' is clicked on

2018-11-21 19:06:42 - [TEST_STEP][PASSED] - Statement - title = com.kms.katalon.core.webui.keyword.WebUiBuiltInKeywords.getWindowTitle(): Current window's title is: 'Workilo :: Home Improvement And Renovation Services in Brooklyn by Workilo'

2018-11-21 19:06:42 - [MESSAGE][PASSED] - Current window's title is: 'Workilo :: Home Improvement And Renovation Services in Brooklyn by Workilo'

2018-11-21 19:06:42 - [TEST_STEP][PASSED] - Statement - timeout = 1: null

2018-11-21 19:06:42 - [TEST_STEP][PASSED] - Statement - BlankInputEmail = com.kms.katalon.core.webui.keyword.WebUiBuiltInKeywords.getText(com.kms.katalon.core.testobject.ObjectRepository.findTestObject(Object Repository/Negative testing/SignIn Validation/EmailBlankInputs), OPTIONAL): Text of object 'Object Repository/Negative testing/SignIn Validation/EmailBlankInputs' is: 'THIS FIELD IS REQUIRED.'

2018-11-21 19:06:42 - [MESSAGE][PASSED] - Text of object 'Object Repository/Negative testing/SignIn Validation/EmailBlankInputs' is: 'THIS FIELD IS REQUIRED.'

2018-11-21 19:06:42 - [TEST_STEP][PASSED] - Statement - BlankInputPSW = com.kms.katalon.core.webui.keyword.WebUiBuiltInKeywords.getText(com.kms.katalon.core.testobject.ObjectRepository.findTestObject(Object Repository/Negative testing/SignIn Validation/PasswordBlankInputs), OPTIONAL): Text of object 'Object Repository/Negative testing/SignIn Validation/PasswordBlankInputs' is: 'THIS FIELD IS REQUIRED.'

2018-11-21 19:06:42 - [MESSAGE][PASSED] - Text of object 'Object Repository/Negative testing/SignIn Validation/PasswordBlankInputs' is: 'THIS FIELD IS REQUIRED.'

2018-11-21 19:06:42 - [TEST_STEP][PASSED] - Statement - actualEmailError = com.kms.katalon.core.webui.keyword.WebUiBuiltInKeywords.verifyMatch(BlankInputEmail, "THIS FIELD IS REQUIRED.", true, OPTIONAL): Actual text 'THIS FIELD IS REQUIRED.' and expected text 'THIS FIELD IS REQUIRED.' are matched  using regular expression

2018-11-21 19:06:42 - [MESSAGE][PASSED] - Actual text 'THIS FIELD IS REQUIRED.' and expected text 'THIS FIELD IS REQUIRED.' are matched  using regular expression

2018-11-21 19:06:42 - [TEST_STEP][PASSED] - Statement - actualPSWError = com.kms.katalon.core.webui.keyword.WebUiBuiltInKeywords.verifyMatch(BlankInputPSW, "THIS FIELD IS REQUIRED.", true, OPTIONAL): Actual text 'THIS FIELD IS REQUIRED.' and expected text 'THIS FIELD IS REQUIRED.' are matched  using regular expression

2018-11-21 19:06:42 - [MESSAGE][PASSED] - Actual text 'THIS FIELD IS REQUIRED.' and expected text 'THIS FIELD IS REQUIRED.' are matched  using regular expression

2018-11-21 19:06:42 - [TEST_STEP][PASSED] - Statement - Try: null

2018-11-21 19:06:42 - [TEST_STEP][PASSED] - Statement - If (actualEmailError || actualPSWError): null

2018-11-21 19:06:42 - [TEST_STEP][PASSED] - Statement - Finally: Browser is closed

2018-11-21 19:06:42 - [TEST_STEP][PASSED] - closeBrowser: Browser is closed

2018-11-21 19:06:43 - [MESSAGE][PASSED] - Browser is closed

2018-11-21 19:06:43 - [TEST_STEP][PASSED] - openBrowser: Browser is opened with url: ''

2018-11-21 19:06:45 - [MESSAGE][PASSED] - Browser is opened with url: ''

2018-11-21 19:06:45 - [TEST_STEP][PASSED] - navigateToUrl: Navigate to 'https://www.workilo.com/' successfully

2018-11-21 19:06:52 - [MESSAGE][PASSED] - Navigate to 'https://www.workilo.com/' successfully

2018-11-21 19:06:52 - [TEST_STEP][PASSED] - maximizeWindow: Current window maximized

2018-11-21 19:06:53 - [MESSAGE][PASSED] - Current window maximized

2018-11-21 19:06:53 - [TEST_STEP][PASSED] - click: Object: 'Object Repository/Add Listing/Page_Workilo  Welcome/a_Log In' is clicked on

2018-11-21 19:06:53 - [MESSAGE][PASSED] - Object: 'Object Repository/Add Listing/Page_Workilo  Welcome/a_Log In' is clicked on

2018-11-21 19:06:53 - [TEST_STEP][PASSED] - setText: Text 'nazneenfatma60@gmail.com' is set on object 'Object Repository/Add Listing/Page_Workilo  Welcome/input_email_address'

2018-11-21 19:06:54 - [MESSAGE][PASSED] - Text 'nazneenfatma60@gmail.com' is set on object 'Object Repository/Add Listing/Page_Workilo  Welcome/input_email_address'

2018-11-21 19:06:54 - [TEST_STEP][PASSED] - setText: Text 'admin#123' is set on object 'Object Repository/Add Listing/Page_Workilo  Welcome/input_password'

2018-11-21 19:06:54 - [MESSAGE][PASSED] - Text 'admin#123' is set on object 'Object Repository/Add Listing/Page_Workilo  Welcome/input_password'

2018-11-21 19:06:54 - [TEST_STEP][PASSED] - click: Object: 'Object Repository/Add Listing/Page_Workilo  Welcome/input_button' is clicked on

2018-11-21 19:06:54 - [MESSAGE][PASSED] - Object: 'Object Repository/Add Listing/Page_Workilo  Welcome/input_button' is clicked on

2018-11-21 19:06:54 - [TEST_STEP][PASSED] - Statement - title = com.kms.katalon.core.webui.keyword.WebUiBuiltInKeywords.getWindowTitle(): Current window's title is: 'Workilo :: Home Improvement And Renovation Services in Brooklyn by Workilo'

2018-11-21 19:06:54 - [MESSAGE][PASSED] - Current window's title is: 'Workilo :: Home Improvement And Renovation Services in Brooklyn by Workilo'

2018-11-21 19:06:54 - [TEST_STEP][PASSED] - Statement - timeout = 1: null

2018-11-21 19:06:54 - [TEST_STEP][PASSED] - Statement - BlankInputEmail = com.kms.katalon.core.webui.keyword.WebUiBuiltInKeywords.getText(com.kms.katalon.core.testobject.ObjectRepository.findTestObject(Object Repository/Negative testing/SignIn Validation/EmailBlankInputs), OPTIONAL): Unable to get text of object 'Object Repository/Negative testing/SignIn Validation/EmailBlankInputs' (Root cause: org.openqa.selenium.InvalidSelectorException: invalid selector: Unable to locate an element with the xpath expression  because of the following error:
SyntaxError: Failed to execute 'evaluate' on 'Document': The string '' is not a valid XPath expression.
  (Session info: chrome=70.0.3538.102)
  (Driver info: chromedriver=2.43.600210 (68dcf5eebde37173d4027fa8635e332711d2874a),platform=Windows NT 6.3.9600 x86_64) (WARNING: The server did not provide any stacktrace information)
Command duration or timeout: 0 milliseconds
For documentation on this error, please visit: http://seleniumhq.org/exceptions/invalid_selector_exception.html
Build info: version: '3.7.1', revision: '8a0099a', time: '2017-11-06T21:07:36.161Z'
System info: host: 'WINCTRL-I1MBNJ3', ip: '192.168.0.110', os.name: 'Windows 8.1', os.arch: 'amd64', os.version: '6.3', java.version: '1.8.0_102'
Driver info: com.kms.katalon.selenium.driver.CChromeDriver
Capabilities {acceptInsecureCerts: false, acceptSslCerts: false, applicationCacheEnabled: false, browserConnectionEnabled: false, browserName: chrome, chrome: {chromedriverVersion: 2.43.600210 (68dcf5eebde371..., userDataDir: C:\Users\ASSET-~1\AppData\L...}, cssSelectorsEnabled: true, databaseEnabled: false, goog:chromeOptions: {debuggerAddress: localhost:55787}, handlesAlerts: true, hasTouchScreen: false, javascriptEnabled: true, locationContextEnabled: true, mobileEmulationEnabled: false, nativeEvents: true, networkConnectionEnabled: false, pageLoadStrategy: normal, platform: XP, platformName: XP, rotatable: false, setWindowRect: true, takesHeapSnapshot: true, takesScreenshot: true, unexpectedAlertBehaviour: , unhandledPromptBehavior: , version: 70.0.3538.102, webStorageEnabled: true}
Session ID: 379386d8a7c0bec1c897f7367a872980
*** Element info: {Using=xpath, value=})

2018-11-21 19:07:27 - [MESSAGE][WARNING] - Unable to get text of object 'Object Repository/Negative testing/SignIn Validation/EmailBlankInputs' (Root cause: org.openqa.selenium.InvalidSelectorException: invalid selector: Unable to locate an element with the xpath expression  because of the following error:
SyntaxError: Failed to execute 'evaluate' on 'Document': The string '' is not a valid XPath expression.
  (Session info: chrome=70.0.3538.102)
  (Driver info: chromedriver=2.43.600210 (68dcf5eebde37173d4027fa8635e332711d2874a),platform=Windows NT 6.3.9600 x86_64) (WARNING: The server did not provide any stacktrace information)
Command duration or timeout: 0 milliseconds
For documentation on this error, please visit: http://seleniumhq.org/exceptions/invalid_selector_exception.html
Build info: version: '3.7.1', revision: '8a0099a', time: '2017-11-06T21:07:36.161Z'
System info: host: 'WINCTRL-I1MBNJ3', ip: '192.168.0.110', os.name: 'Windows 8.1', os.arch: 'amd64', os.version: '6.3', java.version: '1.8.0_102'
Driver info: com.kms.katalon.selenium.driver.CChromeDriver
Capabilities {acceptInsecureCerts: false, acceptSslCerts: false, applicationCacheEnabled: false, browserConnectionEnabled: false, browserName: chrome, chrome: {chromedriverVersion: 2.43.600210 (68dcf5eebde371..., userDataDir: C:\Users\ASSET-~1\AppData\L...}, cssSelectorsEnabled: true, databaseEnabled: false, goog:chromeOptions: {debuggerAddress: localhost:55787}, handlesAlerts: true, hasTouchScreen: false, javascriptEnabled: true, locationContextEnabled: true, mobileEmulationEnabled: false, nativeEvents: true, networkConnectionEnabled: false, pageLoadStrategy: normal, platform: XP, platformName: XP, rotatable: false, setWindowRect: true, takesHeapSnapshot: true, takesScreenshot: true, unexpectedAlertBehaviour: , unhandledPromptBehavior: , version: 70.0.3538.102, webStorageEnabled: true}
Session ID: 379386d8a7c0bec1c897f7367a872980
*** Element info: {Using=xpath, value=})
[[ATTACHMENT|C:\\Users\\Asset-192\\Katalon Studio\\Workilo\\Reports\\Sign IN\\20181121_190558\\1542807446544.png]]

2018-11-21 19:07:27 - [TEST_STEP][PASSED] - Statement - BlankInputPSW = com.kms.katalon.core.webui.keyword.WebUiBuiltInKeywords.getText(com.kms.katalon.core.testobject.ObjectRepository.findTestObject(Object Repository/Negative testing/SignIn Validation/PasswordBlankInputs), OPTIONAL): Unable to get text of object 'Object Repository/Negative testing/SignIn Validation/PasswordBlankInputs' (Root cause: org.openqa.selenium.InvalidSelectorException: invalid selector: Unable to locate an element with the xpath expression  because of the following error:
SyntaxError: Failed to execute 'evaluate' on 'Document': The string '' is not a valid XPath expression.
  (Session info: chrome=70.0.3538.102)
  (Driver info: chromedriver=2.43.600210 (68dcf5eebde37173d4027fa8635e332711d2874a),platform=Windows NT 6.3.9600 x86_64) (WARNING: The server did not provide any stacktrace information)
Command duration or timeout: 0 milliseconds
For documentation on this error, please visit: http://seleniumhq.org/exceptions/invalid_selector_exception.html
Build info: version: '3.7.1', revision: '8a0099a', time: '2017-11-06T21:07:36.161Z'
System info: host: 'WINCTRL-I1MBNJ3', ip: '192.168.0.110', os.name: 'Windows 8.1', os.arch: 'amd64', os.version: '6.3', java.version: '1.8.0_102'
Driver info: com.kms.katalon.selenium.driver.CChromeDriver
Capabilities {acceptInsecureCerts: false, acceptSslCerts: false, applicationCacheEnabled: false, browserConnectionEnabled: false, browserName: chrome, chrome: {chromedriverVersion: 2.43.600210 (68dcf5eebde371..., userDataDir: C:\Users\ASSET-~1\AppData\L...}, cssSelectorsEnabled: true, databaseEnabled: false, goog:chromeOptions: {debuggerAddress: localhost:55787}, handlesAlerts: true, hasTouchScreen: false, javascriptEnabled: true, locationContextEnabled: true, mobileEmulationEnabled: false, nativeEvents: true, networkConnectionEnabled: false, pageLoadStrategy: normal, platform: XP, platformName: XP, rotatable: false, setWindowRect: true, takesHeapSnapshot: true, takesScreenshot: true, unexpectedAlertBehaviour: , unhandledPromptBehavior: , version: 70.0.3538.102, webStorageEnabled: true}
Session ID: 379386d8a7c0bec1c897f7367a872980
*** Element info: {Using=xpath, value=})

2018-11-21 19:07:59 - [MESSAGE][WARNING] - Unable to get text of object 'Object Repository/Negative testing/SignIn Validation/PasswordBlankInputs' (Root cause: org.openqa.selenium.InvalidSelectorException: invalid selector: Unable to locate an element with the xpath expression  because of the following error:
SyntaxError: Failed to execute 'evaluate' on 'Document': The string '' is not a valid XPath expression.
  (Session info: chrome=70.0.3538.102)
  (Driver info: chromedriver=2.43.600210 (68dcf5eebde37173d4027fa8635e332711d2874a),platform=Windows NT 6.3.9600 x86_64) (WARNING: The server did not provide any stacktrace information)
Command duration or timeout: 0 milliseconds
For documentation on this error, please visit: http://seleniumhq.org/exceptions/invalid_selector_exception.html
Build info: version: '3.7.1', revision: '8a0099a', time: '2017-11-06T21:07:36.161Z'
System info: host: 'WINCTRL-I1MBNJ3', ip: '192.168.0.110', os.name: 'Windows 8.1', os.arch: 'amd64', os.version: '6.3', java.version: '1.8.0_102'
Driver info: com.kms.katalon.selenium.driver.CChromeDriver
Capabilities {acceptInsecureCerts: false, acceptSslCerts: false, applicationCacheEnabled: false, browserConnectionEnabled: false, browserName: chrome, chrome: {chromedriverVersion: 2.43.600210 (68dcf5eebde371..., userDataDir: C:\Users\ASSET-~1\AppData\L...}, cssSelectorsEnabled: true, databaseEnabled: false, goog:chromeOptions: {debuggerAddress: localhost:55787}, handlesAlerts: true, hasTouchScreen: false, javascriptEnabled: true, locationContextEnabled: true, mobileEmulationEnabled: false, nativeEvents: true, networkConnectionEnabled: false, pageLoadStrategy: normal, platform: XP, platformName: XP, rotatable: false, setWindowRect: true, takesHeapSnapshot: true, takesScreenshot: true, unexpectedAlertBehaviour: , unhandledPromptBehavior: , version: 70.0.3538.102, webStorageEnabled: true}
Session ID: 379386d8a7c0bec1c897f7367a872980
*** Element info: {Using=xpath, value=})
[[ATTACHMENT|C:\\Users\\Asset-192\\Katalon Studio\\Workilo\\Reports\\Sign IN\\20181121_190558\\1542807478871.png]]

2018-11-21 19:07:59 - [TEST_STEP][PASSED] - Statement - actualEmailError = com.kms.katalon.core.webui.keyword.WebUiBuiltInKeywords.verifyMatch(BlankInputEmail, "THIS FIELD IS REQUIRED.", true, OPTIONAL): Unable to verify match between actual text 'null' and expected text 'THIS FIELD IS REQUIRED.' using regular expression (Root cause: java.lang.NullPointerException)

2018-11-21 19:07:59 - [MESSAGE][WARNING] - Unable to verify match between actual text 'null' and expected text 'THIS FIELD IS REQUIRED.' using regular expression (Root cause: java.lang.NullPointerException)

2018-11-21 19:07:59 - [TEST_STEP][PASSED] - Statement - actualPSWError = com.kms.katalon.core.webui.keyword.WebUiBuiltInKeywords.verifyMatch(BlankInputPSW, "THIS FIELD IS REQUIRED.", true, OPTIONAL): Unable to verify match between actual text 'null' and expected text 'THIS FIELD IS REQUIRED.' using regular expression (Root cause: java.lang.NullPointerException)

2018-11-21 19:07:59 - [MESSAGE][WARNING] - Unable to verify match between actual text 'null' and expected text 'THIS FIELD IS REQUIRED.' using regular expression (Root cause: java.lang.NullPointerException)

2018-11-21 19:07:59 - [TEST_STEP][PASSED] - Statement - Try: null

2018-11-21 19:07:59 - [TEST_STEP][PASSED] - Statement - If (actualEmailError || actualPSWError): null

2018-11-21 19:07:59 - [TEST_STEP][PASSED] - Statement - Else: null

2018-11-21 19:07:59 - [TEST_STEP][PASSED] - println: null

2018-11-21 19:07:59 - [TEST_STEP][PASSED] - Statement - Finally: Browser is closed

2018-11-21 19:07:59 - [TEST_STEP][PASSED] - closeBrowser: Browser is closed

2018-11-21 19:08:00 - [MESSAGE][PASSED] - Browser is closed

2018-11-21 19:08:00 - [TEST_STEP][PASSED] - openBrowser: Browser is opened with url: ''

2018-11-21 19:08:02 - [MESSAGE][PASSED] - Browser is opened with url: ''

2018-11-21 19:08:02 - [TEST_STEP][PASSED] - navigateToUrl: Navigate to 'https://www.workilo.com/' successfully

2018-11-21 19:08:09 - [MESSAGE][PASSED] - Navigate to 'https://www.workilo.com/' successfully

2018-11-21 19:08:09 - [TEST_STEP][PASSED] - maximizeWindow: Current window maximized

2018-11-21 19:08:10 - [MESSAGE][PASSED] - Current window maximized

2018-11-21 19:08:10 - [TEST_STEP][PASSED] - click: Object: 'Object Repository/Add Listing/Page_Workilo  Welcome/a_Log In' is clicked on

2018-11-21 19:08:11 - [MESSAGE][PASSED] - Object: 'Object Repository/Add Listing/Page_Workilo  Welcome/a_Log In' is clicked on

2018-11-21 19:08:11 - [TEST_STEP][PASSED] - setText: Text 'pawel.r.walczuk@gmail.com' is set on object 'Object Repository/Add Listing/Page_Workilo  Welcome/input_email_address'

2018-11-21 19:08:11 - [MESSAGE][PASSED] - Text 'pawel.r.walczuk@gmail.com' is set on object 'Object Repository/Add Listing/Page_Workilo  Welcome/input_email_address'

2018-11-21 19:08:11 - [TEST_STEP][PASSED] - setText: Text 'admin#123' is set on object 'Object Repository/Add Listing/Page_Workilo  Welcome/input_password'

2018-11-21 19:08:11 - [MESSAGE][PASSED] - Text 'admin#123' is set on object 'Object Repository/Add Listing/Page_Workilo  Welcome/input_password'

2018-11-21 19:08:11 - [TEST_STEP][PASSED] - click: Object: 'Object Repository/Add Listing/Page_Workilo  Welcome/input_button' is clicked on

2018-11-21 19:08:11 - [MESSAGE][PASSED] - Object: 'Object Repository/Add Listing/Page_Workilo  Welcome/input_button' is clicked on

2018-11-21 19:08:11 - [TEST_STEP][PASSED] - Statement - title = com.kms.katalon.core.webui.keyword.WebUiBuiltInKeywords.getWindowTitle(): Current window's title is: 'Workilo :: Home Improvement And Renovation Services in Brooklyn by Workilo'

2018-11-21 19:08:11 - [MESSAGE][PASSED] - Current window's title is: 'Workilo :: Home Improvement And Renovation Services in Brooklyn by Workilo'

2018-11-21 19:08:11 - [TEST_STEP][PASSED] - Statement - timeout = 1: null

2018-11-21 19:08:11 - [TEST_STEP][PASSED] - Statement - BlankInputEmail = com.kms.katalon.core.webui.keyword.WebUiBuiltInKeywords.getText(com.kms.katalon.core.testobject.ObjectRepository.findTestObject(Object Repository/Negative testing/SignIn Validation/EmailBlankInputs), OPTIONAL): Unable to get text of object 'Object Repository/Negative testing/SignIn Validation/EmailBlankInputs' (Root cause: org.openqa.selenium.InvalidSelectorException: invalid selector: Unable to locate an element with the xpath expression  because of the following error:
SyntaxError: Failed to execute 'evaluate' on 'Document': The string '' is not a valid XPath expression.
  (Session info: chrome=70.0.3538.102)
  (Driver info: chromedriver=2.43.600210 (68dcf5eebde37173d4027fa8635e332711d2874a),platform=Windows NT 6.3.9600 x86_64) (WARNING: The server did not provide any stacktrace information)
Command duration or timeout: 0 milliseconds
For documentation on this error, please visit: http://seleniumhq.org/exceptions/invalid_selector_exception.html
Build info: version: '3.7.1', revision: '8a0099a', time: '2017-11-06T21:07:36.161Z'
System info: host: 'WINCTRL-I1MBNJ3', ip: '192.168.0.110', os.name: 'Windows 8.1', os.arch: 'amd64', os.version: '6.3', java.version: '1.8.0_102'
Driver info: com.kms.katalon.selenium.driver.CChromeDriver
Capabilities {acceptInsecureCerts: false, acceptSslCerts: false, applicationCacheEnabled: false, browserConnectionEnabled: false, browserName: chrome, chrome: {chromedriverVersion: 2.43.600210 (68dcf5eebde371..., userDataDir: C:\Users\ASSET-~1\AppData\L...}, cssSelectorsEnabled: true, databaseEnabled: false, goog:chromeOptions: {debuggerAddress: localhost:56017}, handlesAlerts: true, hasTouchScreen: false, javascriptEnabled: true, locationContextEnabled: true, mobileEmulationEnabled: false, nativeEvents: true, networkConnectionEnabled: false, pageLoadStrategy: normal, platform: XP, platformName: XP, rotatable: false, setWindowRect: true, takesHeapSnapshot: true, takesScreenshot: true, unexpectedAlertBehaviour: , unhandledPromptBehavior: , version: 70.0.3538.102, webStorageEnabled: true}
Session ID: c6ca06a1b83a2b33aaa26e9cdae0a616
*** Element info: {Using=xpath, value=})

2018-11-21 19:08:44 - [MESSAGE][WARNING] - Unable to get text of object 'Object Repository/Negative testing/SignIn Validation/EmailBlankInputs' (Root cause: org.openqa.selenium.InvalidSelectorException: invalid selector: Unable to locate an element with the xpath expression  because of the following error:
SyntaxError: Failed to execute 'evaluate' on 'Document': The string '' is not a valid XPath expression.
  (Session info: chrome=70.0.3538.102)
  (Driver info: chromedriver=2.43.600210 (68dcf5eebde37173d4027fa8635e332711d2874a),platform=Windows NT 6.3.9600 x86_64) (WARNING: The server did not provide any stacktrace information)
Command duration or timeout: 0 milliseconds
For documentation on this error, please visit: http://seleniumhq.org/exceptions/invalid_selector_exception.html
Build info: version: '3.7.1', revision: '8a0099a', time: '2017-11-06T21:07:36.161Z'
System info: host: 'WINCTRL-I1MBNJ3', ip: '192.168.0.110', os.name: 'Windows 8.1', os.arch: 'amd64', os.version: '6.3', java.version: '1.8.0_102'
Driver info: com.kms.katalon.selenium.driver.CChromeDriver
Capabilities {acceptInsecureCerts: false, acceptSslCerts: false, applicationCacheEnabled: false, browserConnectionEnabled: false, browserName: chrome, chrome: {chromedriverVersion: 2.43.600210 (68dcf5eebde371..., userDataDir: C:\Users\ASSET-~1\AppData\L...}, cssSelectorsEnabled: true, databaseEnabled: false, goog:chromeOptions: {debuggerAddress: localhost:56017}, handlesAlerts: true, hasTouchScreen: false, javascriptEnabled: true, locationContextEnabled: true, mobileEmulationEnabled: false, nativeEvents: true, networkConnectionEnabled: false, pageLoadStrategy: normal, platform: XP, platformName: XP, rotatable: false, setWindowRect: true, takesHeapSnapshot: true, takesScreenshot: true, unexpectedAlertBehaviour: , unhandledPromptBehavior: , version: 70.0.3538.102, webStorageEnabled: true}
Session ID: c6ca06a1b83a2b33aaa26e9cdae0a616
*** Element info: {Using=xpath, value=})
[[ATTACHMENT|C:\\Users\\Asset-192\\Katalon Studio\\Workilo\\Reports\\Sign IN\\20181121_190558\\1542807523972.png]]

2018-11-21 19:08:44 - [TEST_STEP][PASSED] - Statement - BlankInputPSW = com.kms.katalon.core.webui.keyword.WebUiBuiltInKeywords.getText(com.kms.katalon.core.testobject.ObjectRepository.findTestObject(Object Repository/Negative testing/SignIn Validation/PasswordBlankInputs), OPTIONAL): Unable to get text of object 'Object Repository/Negative testing/SignIn Validation/PasswordBlankInputs' (Root cause: org.openqa.selenium.InvalidSelectorException: invalid selector: Unable to locate an element with the xpath expression  because of the following error:
SyntaxError: Failed to execute 'evaluate' on 'Document': The string '' is not a valid XPath expression.
  (Session info: chrome=70.0.3538.102)
  (Driver info: chromedriver=2.43.600210 (68dcf5eebde37173d4027fa8635e332711d2874a),platform=Windows NT 6.3.9600 x86_64) (WARNING: The server did not provide any stacktrace information)
Command duration or timeout: 0 milliseconds
For documentation on this error, please visit: http://seleniumhq.org/exceptions/invalid_selector_exception.html
Build info: version: '3.7.1', revision: '8a0099a', time: '2017-11-06T21:07:36.161Z'
System info: host: 'WINCTRL-I1MBNJ3', ip: '192.168.0.110', os.name: 'Windows 8.1', os.arch: 'amd64', os.version: '6.3', java.version: '1.8.0_102'
Driver info: com.kms.katalon.selenium.driver.CChromeDriver
Capabilities {acceptInsecureCerts: false, acceptSslCerts: false, applicationCacheEnabled: false, browserConnectionEnabled: false, browserName: chrome, chrome: {chromedriverVersion: 2.43.600210 (68dcf5eebde371..., userDataDir: C:\Users\ASSET-~1\AppData\L...}, cssSelectorsEnabled: true, databaseEnabled: false, goog:chromeOptions: {debuggerAddress: localhost:56017}, handlesAlerts: true, hasTouchScreen: false, javascriptEnabled: true, locationContextEnabled: true, mobileEmulationEnabled: false, nativeEvents: true, networkConnectionEnabled: false, pageLoadStrategy: normal, platform: XP, platformName: XP, rotatable: false, setWindowRect: true, takesHeapSnapshot: true, takesScreenshot: true, unexpectedAlertBehaviour: , unhandledPromptBehavior: , version: 70.0.3538.102, webStorageEnabled: true}
Session ID: c6ca06a1b83a2b33aaa26e9cdae0a616
*** Element info: {Using=xpath, value=})

2018-11-21 19:09:16 - [MESSAGE][WARNING] - Unable to get text of object 'Object Repository/Negative testing/SignIn Validation/PasswordBlankInputs' (Root cause: org.openqa.selenium.InvalidSelectorException: invalid selector: Unable to locate an element with the xpath expression  because of the following error:
SyntaxError: Failed to execute 'evaluate' on 'Document': The string '' is not a valid XPath expression.
  (Session info: chrome=70.0.3538.102)
  (Driver info: chromedriver=2.43.600210 (68dcf5eebde37173d4027fa8635e332711d2874a),platform=Windows NT 6.3.9600 x86_64) (WARNING: The server did not provide any stacktrace information)
Command duration or timeout: 0 milliseconds
For documentation on this error, please visit: http://seleniumhq.org/exceptions/invalid_selector_exception.html
Build info: version: '3.7.1', revision: '8a0099a', time: '2017-11-06T21:07:36.161Z'
System info: host: 'WINCTRL-I1MBNJ3', ip: '192.168.0.110', os.name: 'Windows 8.1', os.arch: 'amd64', os.version: '6.3', java.version: '1.8.0_102'
Driver info: com.kms.katalon.selenium.driver.CChromeDriver
Capabilities {acceptInsecureCerts: false, acceptSslCerts: false, applicationCacheEnabled: false, browserConnectionEnabled: false, browserName: chrome, chrome: {chromedriverVersion: 2.43.600210 (68dcf5eebde371..., userDataDir: C:\Users\ASSET-~1\AppData\L...}, cssSelectorsEnabled: true, databaseEnabled: false, goog:chromeOptions: {debuggerAddress: localhost:56017}, handlesAlerts: true, hasTouchScreen: false, javascriptEnabled: true, locationContextEnabled: true, mobileEmulationEnabled: false, nativeEvents: true, networkConnectionEnabled: false, pageLoadStrategy: normal, platform: XP, platformName: XP, rotatable: false, setWindowRect: true, takesHeapSnapshot: true, takesScreenshot: true, unexpectedAlertBehaviour: , unhandledPromptBehavior: , version: 70.0.3538.102, webStorageEnabled: true}
Session ID: c6ca06a1b83a2b33aaa26e9cdae0a616
*** Element info: {Using=xpath, value=})
[[ATTACHMENT|C:\\Users\\Asset-192\\Katalon Studio\\Workilo\\Reports\\Sign IN\\20181121_190558\\1542807555834.png]]

2018-11-21 19:09:16 - [TEST_STEP][PASSED] - Statement - actualEmailError = com.kms.katalon.core.webui.keyword.WebUiBuiltInKeywords.verifyMatch(BlankInputEmail, "THIS FIELD IS REQUIRED.", true, OPTIONAL): Unable to verify match between actual text 'null' and expected text 'THIS FIELD IS REQUIRED.' using regular expression (Root cause: java.lang.NullPointerException)

2018-11-21 19:09:16 - [MESSAGE][WARNING] - Unable to verify match between actual text 'null' and expected text 'THIS FIELD IS REQUIRED.' using regular expression (Root cause: java.lang.NullPointerException)

2018-11-21 19:09:16 - [TEST_STEP][PASSED] - Statement - actualPSWError = com.kms.katalon.core.webui.keyword.WebUiBuiltInKeywords.verifyMatch(BlankInputPSW, "THIS FIELD IS REQUIRED.", true, OPTIONAL): Unable to verify match between actual text 'null' and expected text 'THIS FIELD IS REQUIRED.' using regular expression (Root cause: java.lang.NullPointerException)

2018-11-21 19:09:16 - [MESSAGE][WARNING] - Unable to verify match between actual text 'null' and expected text 'THIS FIELD IS REQUIRED.' using regular expression (Root cause: java.lang.NullPointerException)

2018-11-21 19:09:16 - [TEST_STEP][PASSED] - Statement - Try: null

2018-11-21 19:09:16 - [TEST_STEP][PASSED] - Statement - If (actualEmailError || actualPSWError): null

2018-11-21 19:09:16 - [TEST_STEP][PASSED] - Statement - Else: null

2018-11-21 19:09:16 - [TEST_STEP][PASSED] - println: null

2018-11-21 19:09:16 - [TEST_STEP][PASSED] - Statement - Finally: Browser is closed

2018-11-21 19:09:16 - [TEST_STEP][PASSED] - closeBrowser: Browser is closed

2018-11-21 19:09:17 - [MESSAGE][PASSED] - Browser is closed]]></system-out>
         <system-err><![CDATA[]]></system-err>
      </testcase>
      <system-out><![CDATA[2018-11-21 19:06:02 - [TEST_SUITE][PASSED] - Sign IN: Test Cases/SignInWithExcel]]></system-out>
      <system-err><![CDATA[]]></system-err>
   </testsuite>
</testsuites>
