<?xml version="1.0" encoding="UTF-8"?>
<testsuites name="sign up" time="33" tests="1" failures="0" errors="0">
   <testsuite name="sign up" tests="1" failures="0" errors="0" time="33" timestamp="2018-11-19 14:06:44" hostname="Asset-192 - WINCTRL-I1MBNJ3" id="Test Suites/sign up">
      <properties>
         <property name="deviceName" value=""/>
         <property name="devicePlatform" value=""/>
         <property name="logFolder" value="C:\\Users\\Asset-192\\Katalon Studio\\Workilo\\Reports\\sign up\\20181119_140639"/>
         <property name="logFiles" value="C:\\Users\\Asset-192\\Katalon Studio\\Workilo\\Reports\\sign up\\20181119_140639\\execution0.log"/>
         <property name="attachments" value="C:\\Users\\Asset-192\\Katalon Studio\\Workilo\\Reports\\sign up\\20181119_140639\\1542616635289.png"/>
         <property name="hostName" value="Asset-192 - WINCTRL-I1MBNJ3"/>
         <property name="os" value="Windows 8.1 64bit"/>
         <property name="katalonVersion" value="5.8.6.1"/>
         <property name="browser" value="Chrome 70.0.3538.102"/>
         <property name="hostAddress" value="192.168.0.110"/>
         <property name="sessionId" value="2cace41085508a7b4787dff2646654f2"/>
         <property name="seleniumVersion" value="3.7.1"/>
         <property name="proxyInformation" value="ProxyInformation{proxyOption=NO_PROXY, proxyServerType=HTTP, password=, proxyServerAddress=, proxyServerPort=0}"/>
         <property name="platform" value="Windows 8.1"/>
      </properties>
      <testcase name="Test Cases/Sign-Up for Customer with Valid Inputs" classname="Test Cases/Sign-Up for Customer with Valid Inputs" status="PASSED">
         <system-out><![CDATA[2018-11-19 14:06:45 - [TEST_CASE][PASSED] - Test Cases/Sign-Up for Customer with Valid Inputs: Test Cases/Sign-Up for Customer with Valid Inputs

2018-11-19 14:06:45 - [TEST_STEP][FAILED] - Statement - For ([row = 1, row <= com.kms.katalon.core.testdata.TestDataFactory.findTestData(signup_customer).getRowNumbers(), (row++)]): Browser is closed

2018-11-19 14:06:46 - [TEST_STEP][PASSED] - openBrowser: Browser is opened with url: ''

2018-11-19 14:06:55 - [MESSAGE][PASSED] - Browser is opened with url: ''

2018-11-19 14:06:55 - [TEST_STEP][PASSED] - navigateToUrl: Navigate to 'https://www.workilo.com/' successfully

2018-11-19 14:07:04 - [MESSAGE][PASSED] - Navigate to 'https://www.workilo.com/' successfully

2018-11-19 14:07:04 - [TEST_STEP][PASSED] - maximizeWindow: Current window maximized

2018-11-19 14:07:05 - [MESSAGE][PASSED] - Current window maximized

2018-11-19 14:07:05 - [TEST_STEP][PASSED] - clickEvent.SelectServices.clickUsingJS1: clickEvent.SelectServices.clickUsingJS1 is PASSED

2018-11-19 14:07:05 - [MESSAGE][PASSED] - clickEvent.SelectServices.clickUsingJS1 is PASSED

2018-11-19 14:07:05 - [TEST_STEP][PASSED] - click: Object: 'Object Repository/Signup_Customer/customer_menu' is clicked on

2018-11-19 14:07:06 - [MESSAGE][PASSED] - Object: 'Object Repository/Signup_Customer/customer_menu' is clicked on

2018-11-19 14:07:06 - [TEST_STEP][PASSED] - setText: Text 'naz2@gmail.com' is set on object 'Object Repository/Signup_Customer/email'

2018-11-19 14:07:07 - [MESSAGE][PASSED] - Text 'naz2@gmail.com' is set on object 'Object Repository/Signup_Customer/email'

2018-11-19 14:07:07 - [TEST_STEP][PASSED] - setText: Text 'naz' is set on object 'Object Repository/Signup_Customer/first name'

2018-11-19 14:07:07 - [MESSAGE][PASSED] - Text 'naz' is set on object 'Object Repository/Signup_Customer/first name'

2018-11-19 14:07:07 - [TEST_STEP][PASSED] - setText: Text 'fat' is set on object 'Object Repository/Signup_Customer/Last Name'

2018-11-19 14:07:08 - [MESSAGE][PASSED] - Text 'fat' is set on object 'Object Repository/Signup_Customer/Last Name'

2018-11-19 14:07:08 - [TEST_STEP][PASSED] - setText: Text 'admin#123' is set on object 'Object Repository/Signup_Customer/Password'

2018-11-19 14:07:08 - [MESSAGE][PASSED] - Text 'admin#123' is set on object 'Object Repository/Signup_Customer/Password'

2018-11-19 14:07:08 - [TEST_STEP][PASSED] - setText: Text '65464988465' is set on object 'Object Repository/Signup_Customer/Contact NO'

2018-11-19 14:07:08 - [MESSAGE][PASSED] - Text '65464988465' is set on object 'Object Repository/Signup_Customer/Contact NO'

2018-11-19 14:07:08 - [TEST_STEP][PASSED] - clickEvent.SelectServices.clickUsingJS1: clickEvent.SelectServices.clickUsingJS1 is PASSED

2018-11-19 14:07:09 - [MESSAGE][PASSED] - clickEvent.SelectServices.clickUsingJS1 is PASSED

2018-11-19 14:07:09 - [TEST_STEP][FAILED] - Statement - Try: Unable to verify object 'Object Repository/Signup_Customer/DuplicateEmail' is present (Root cause: org.openqa.selenium.InvalidSelectorException: invalid selector: Unable to locate an element with the xpath expression  because of the following error:
SyntaxError: Failed to execute 'evaluate' on 'Document': The string '' is not a valid XPath expression.
  (Session info: chrome=70.0.3538.102)
  (Driver info: chromedriver=2.43.600210 (68dcf5eebde37173d4027fa8635e332711d2874a),platform=Windows NT 6.3.9600 x86_64) (WARNING: The server did not provide any stacktrace information)
Command duration or timeout: 0 milliseconds
For documentation on this error, please visit: http://seleniumhq.org/exceptions/invalid_selector_exception.html
Build info: version: '3.7.1', revision: '8a0099a', time: '2017-11-06T21:07:36.161Z'
System info: host: 'WINCTRL-I1MBNJ3', ip: '192.168.0.110', os.name: 'Windows 8.1', os.arch: 'amd64', os.version: '6.3', java.version: '1.8.0_102'
Driver info: com.kms.katalon.selenium.driver.CChromeDriver
Capabilities {acceptInsecureCerts: false, acceptSslCerts: false, applicationCacheEnabled: false, browserConnectionEnabled: false, browserName: chrome, chrome: {chromedriverVersion: 2.43.600210 (68dcf5eebde371..., userDataDir: C:\Users\ASSET-~1\AppData\L...}, cssSelectorsEnabled: true, databaseEnabled: false, goog:chromeOptions: {debuggerAddress: localhost:62178}, handlesAlerts: true, hasTouchScreen: false, javascriptEnabled: true, locationContextEnabled: true, mobileEmulationEnabled: false, nativeEvents: true, networkConnectionEnabled: false, pageLoadStrategy: normal, platform: XP, platformName: XP, rotatable: false, setWindowRect: true, takesHeapSnapshot: true, takesScreenshot: true, unexpectedAlertBehaviour: , unhandledPromptBehavior: , version: 70.0.3538.102, webStorageEnabled: true}
Session ID: 2cace41085508a7b4787dff2646654f2
*** Element info: {Using=xpath, value=})

2018-11-19 14:07:09 - [TEST_STEP][FAILED] - verifyElementPresent: Unable to verify object 'Object Repository/Signup_Customer/DuplicateEmail' is present (Root cause: org.openqa.selenium.InvalidSelectorException: invalid selector: Unable to locate an element with the xpath expression  because of the following error:
SyntaxError: Failed to execute 'evaluate' on 'Document': The string '' is not a valid XPath expression.
  (Session info: chrome=70.0.3538.102)
  (Driver info: chromedriver=2.43.600210 (68dcf5eebde37173d4027fa8635e332711d2874a),platform=Windows NT 6.3.9600 x86_64) (WARNING: The server did not provide any stacktrace information)
Command duration or timeout: 0 milliseconds
For documentation on this error, please visit: http://seleniumhq.org/exceptions/invalid_selector_exception.html
Build info: version: '3.7.1', revision: '8a0099a', time: '2017-11-06T21:07:36.161Z'
System info: host: 'WINCTRL-I1MBNJ3', ip: '192.168.0.110', os.name: 'Windows 8.1', os.arch: 'amd64', os.version: '6.3', java.version: '1.8.0_102'
Driver info: com.kms.katalon.selenium.driver.CChromeDriver
Capabilities {acceptInsecureCerts: false, acceptSslCerts: false, applicationCacheEnabled: false, browserConnectionEnabled: false, browserName: chrome, chrome: {chromedriverVersion: 2.43.600210 (68dcf5eebde371..., userDataDir: C:\Users\ASSET-~1\AppData\L...}, cssSelectorsEnabled: true, databaseEnabled: false, goog:chromeOptions: {debuggerAddress: localhost:62178}, handlesAlerts: true, hasTouchScreen: false, javascriptEnabled: true, locationContextEnabled: true, mobileEmulationEnabled: false, nativeEvents: true, networkConnectionEnabled: false, pageLoadStrategy: normal, platform: XP, platformName: XP, rotatable: false, setWindowRect: true, takesHeapSnapshot: true, takesScreenshot: true, unexpectedAlertBehaviour: , unhandledPromptBehavior: , version: 70.0.3538.102, webStorageEnabled: true}
Session ID: 2cace41085508a7b4787dff2646654f2
*** Element info: {Using=xpath, value=})

2018-11-19 14:07:16 - [MESSAGE][FAILED] - Unable to verify object 'Object Repository/Signup_Customer/DuplicateEmail' is present (Root cause: org.openqa.selenium.InvalidSelectorException: invalid selector: Unable to locate an element with the xpath expression  because of the following error:
SyntaxError: Failed to execute 'evaluate' on 'Document': The string '' is not a valid XPath expression.
  (Session info: chrome=70.0.3538.102)
  (Driver info: chromedriver=2.43.600210 (68dcf5eebde37173d4027fa8635e332711d2874a),platform=Windows NT 6.3.9600 x86_64) (WARNING: The server did not provide any stacktrace information)
Command duration or timeout: 0 milliseconds
For documentation on this error, please visit: http://seleniumhq.org/exceptions/invalid_selector_exception.html
Build info: version: '3.7.1', revision: '8a0099a', time: '2017-11-06T21:07:36.161Z'
System info: host: 'WINCTRL-I1MBNJ3', ip: '192.168.0.110', os.name: 'Windows 8.1', os.arch: 'amd64', os.version: '6.3', java.version: '1.8.0_102'
Driver info: com.kms.katalon.selenium.driver.CChromeDriver
Capabilities {acceptInsecureCerts: false, acceptSslCerts: false, applicationCacheEnabled: false, browserConnectionEnabled: false, browserName: chrome, chrome: {chromedriverVersion: 2.43.600210 (68dcf5eebde371..., userDataDir: C:\Users\ASSET-~1\AppData\L...}, cssSelectorsEnabled: true, databaseEnabled: false, goog:chromeOptions: {debuggerAddress: localhost:62178}, handlesAlerts: true, hasTouchScreen: false, javascriptEnabled: true, locationContextEnabled: true, mobileEmulationEnabled: false, nativeEvents: true, networkConnectionEnabled: false, pageLoadStrategy: normal, platform: XP, platformName: XP, rotatable: false, setWindowRect: true, takesHeapSnapshot: true, takesScreenshot: true, unexpectedAlertBehaviour: , unhandledPromptBehavior: , version: 70.0.3538.102, webStorageEnabled: true}
Session ID: 2cace41085508a7b4787dff2646654f2
*** Element info: {Using=xpath, value=})
[[ATTACHMENT|C:\\Users\\Asset-192\\Katalon Studio\\Workilo\\Reports\\sign up\\20181119_140639\\1542616635289.png]]

2018-11-19 14:07:16 - [TEST_STEP][PASSED] - Statement - Catch (Exception e): null

2018-11-19 14:07:16 - [TEST_STEP][PASSED] - closeBrowser: Browser is closed

2018-11-19 14:07:17 - [MESSAGE][PASSED] - Browser is closed]]></system-out>
         <system-err><![CDATA[]]></system-err>
      </testcase>
      <system-out><![CDATA[2018-11-19 14:06:44 - [TEST_SUITE][PASSED] - sign up: Test Cases/Sign-Up for Customer with Valid Inputs]]></system-out>
      <system-err><![CDATA[]]></system-err>
   </testsuite>
</testsuites>
