<?xml version="1.0" encoding="UTF-8"?>
<testsuites name="sign up" time="74" tests="2" failures="0" errors="0">
   <testsuite name="sign up" tests="2" failures="0" errors="0" time="74" timestamp="2018-11-22 16:41:34" hostname="Asset-192 - WINCTRL-I1MBNJ3" id="Test Suites/sign up">
      <properties>
         <property name="deviceName" value=""/>
         <property name="devicePlatform" value=""/>
         <property name="logFolder" value="C:\\Users\\Asset-192\\Katalon Studio\\Workilo\\Reports\\sign up\\20181122_164129"/>
         <property name="logFiles" value="C:\\Users\\Asset-192\\Katalon Studio\\Workilo\\Reports\\sign up\\20181122_164129\\execution0.log"/>
         <property name="attachments" value="C:\\Users\\Asset-192\\Katalon Studio\\Workilo\\Reports\\sign up\\20181122_164129\\1542885168109.png"/>
         <property name="hostName" value="Asset-192 - WINCTRL-I1MBNJ3"/>
         <property name="os" value="Windows 8.1 64bit"/>
         <property name="katalonVersion" value="5.8.6.1"/>
         <property name="browser" value="Chrome 70.0.3538.102"/>
         <property name="hostAddress" value="192.168.0.110"/>
         <property name="sessionId" value="84ab8d9003b785e4948b261550e35ce8"/>
         <property name="seleniumVersion" value="3.7.1"/>
         <property name="proxyInformation" value="ProxyInformation{proxyOption=NO_PROXY, proxyServerType=HTTP, password=, proxyServerAddress=, proxyServerPort=0}"/>
         <property name="platform" value="Windows 8.1"/>
      </properties>
      <testcase name="Test Cases/Sign-Up for Customer with Valid Inputs" classname="Test Cases/Sign-Up for Customer with Valid Inputs" status="PASSED">
         <system-out><![CDATA[2018-11-22 16:41:35 - [TEST_CASE][PASSED] - Test Cases/Sign-Up for Customer with Valid Inputs: Test Cases/Sign-Up for Customer with Valid Inputs

2018-11-22 16:41:35 - [TEST_STEP][PASSED] - Statement - For ([row = 1, row <= com.kms.katalon.core.testdata.TestDataFactory.findTestData(signup_customer).getRowNumbers(), (row++)]): Browser is closed

2018-11-22 16:41:36 - [TEST_STEP][PASSED] - openBrowser: Browser is opened with url: ''

2018-11-22 16:41:40 - [MESSAGE][PASSED] - Browser is opened with url: ''

2018-11-22 16:41:40 - [TEST_STEP][PASSED] - navigateToUrl: Navigate to 'https://www.workilo.com/' successfully

2018-11-22 16:42:05 - [MESSAGE][PASSED] - Navigate to 'https://www.workilo.com/' successfully

2018-11-22 16:42:05 - [TEST_STEP][PASSED] - maximizeWindow: Current window maximized

2018-11-22 16:42:06 - [MESSAGE][PASSED] - Current window maximized

2018-11-22 16:42:06 - [TEST_STEP][PASSED] - clickEvent.SelectServices.clickUsingJS1: clickEvent.SelectServices.clickUsingJS1 is PASSED

2018-11-22 16:42:07 - [MESSAGE][PASSED] - clickEvent.SelectServices.clickUsingJS1 is PASSED

2018-11-22 16:42:07 - [TEST_STEP][PASSED] - click: Object: 'Object Repository/Signup_Customer/customer_menu' is clicked on

2018-11-22 16:42:07 - [MESSAGE][PASSED] - Object: 'Object Repository/Signup_Customer/customer_menu' is clicked on

2018-11-22 16:42:07 - [TEST_STEP][PASSED] - setText: Text 'naz2@gmail.com' is set on object 'Object Repository/Signup_Customer/email'

2018-11-22 16:42:07 - [MESSAGE][PASSED] - Text 'naz2@gmail.com' is set on object 'Object Repository/Signup_Customer/email'

2018-11-22 16:42:07 - [TEST_STEP][PASSED] - setText: Text 'naz' is set on object 'Object Repository/Signup_Customer/first name'

2018-11-22 16:42:07 - [MESSAGE][PASSED] - Text 'naz' is set on object 'Object Repository/Signup_Customer/first name'

2018-11-22 16:42:07 - [TEST_STEP][PASSED] - setText: Text 'fat' is set on object 'Object Repository/Signup_Customer/Last Name'

2018-11-22 16:42:08 - [MESSAGE][PASSED] - Text 'fat' is set on object 'Object Repository/Signup_Customer/Last Name'

2018-11-22 16:42:08 - [TEST_STEP][PASSED] - setText: Text 'admin#123' is set on object 'Object Repository/Signup_Customer/Password'

2018-11-22 16:42:08 - [MESSAGE][PASSED] - Text 'admin#123' is set on object 'Object Repository/Signup_Customer/Password'

2018-11-22 16:42:08 - [TEST_STEP][PASSED] - setText: Text '65464988465' is set on object 'Object Repository/Signup_Customer/Contact NO'

2018-11-22 16:42:08 - [MESSAGE][PASSED] - Text '65464988465' is set on object 'Object Repository/Signup_Customer/Contact NO'

2018-11-22 16:42:08 - [TEST_STEP][PASSED] - clickEvent.SelectServices.clickUsingJS1: clickEvent.SelectServices.clickUsingJS1 is PASSED

2018-11-22 16:42:08 - [MESSAGE][PASSED] - clickEvent.SelectServices.clickUsingJS1 is PASSED

2018-11-22 16:42:08 - [TEST_STEP][PASSED] - Statement - Try: Object: 'Object Repository/Signup_Customer/DuplicateEmail' is clicked on

2018-11-22 16:42:08 - [TEST_STEP][PASSED] - verifyElementPresent: Object 'Object Repository/Signup_Customer/DuplicateEmail' is present

2018-11-22 16:42:09 - [MESSAGE][PASSED] - Object 'Object Repository/Signup_Customer/DuplicateEmail' is present

2018-11-22 16:42:09 - [TEST_STEP][PASSED] - click: Object: 'Object Repository/Signup_Customer/DuplicateEmail' is clicked on

2018-11-22 16:42:09 - [MESSAGE][PASSED] - Object: 'Object Repository/Signup_Customer/DuplicateEmail' is clicked on

2018-11-22 16:42:09 - [TEST_STEP][PASSED] - closeBrowser: Browser is closed

2018-11-22 16:42:10 - [MESSAGE][PASSED] - Browser is closed]]></system-out>
         <system-err><![CDATA[]]></system-err>
      </testcase>
      <testcase name="Test Cases/Sign up for service provider" classname="Test Cases/Sign up for service provider" status="PASSED">
         <system-out><![CDATA[2018-11-22 16:42:10 - [TEST_CASE][PASSED] - Test Cases/Sign up for service provider: Test Cases/Sign up for service provider

2018-11-22 16:42:11 - [TEST_STEP][PASSED] - Statement - For ([row = 1, row <= com.kms.katalon.core.testdata.TestDataFactory.findTestData(signup_customer).getRowNumbers(), (row++)]): Browser is closed

2018-11-22 16:42:11 - [TEST_STEP][PASSED] - openBrowser: Browser is opened with url: ''

2018-11-22 16:42:13 - [MESSAGE][PASSED] - Browser is opened with url: ''

2018-11-22 16:42:13 - [TEST_STEP][PASSED] - navigateToUrl: Navigate to 'https://www.workilo.com/' successfully

2018-11-22 16:42:39 - [MESSAGE][PASSED] - Navigate to 'https://www.workilo.com/' successfully

2018-11-22 16:42:39 - [TEST_STEP][PASSED] - maximizeWindow: Current window maximized

2018-11-22 16:42:40 - [MESSAGE][PASSED] - Current window maximized

2018-11-22 16:42:40 - [TEST_STEP][PASSED] - clickEvent.SelectServices.clickUsingJS1: clickEvent.SelectServices.clickUsingJS1 is PASSED

2018-11-22 16:42:40 - [MESSAGE][PASSED] - clickEvent.SelectServices.clickUsingJS1 is PASSED

2018-11-22 16:42:40 - [TEST_STEP][PASSED] - setText: Text 'naz51@gmail.com' is set on object 'Object Repository/Sign up for service provider/Page_Workilo  Welcome/input_email_address'

2018-11-22 16:42:41 - [MESSAGE][PASSED] - Text 'naz51@gmail.com' is set on object 'Object Repository/Sign up for service provider/Page_Workilo  Welcome/input_email_address'

2018-11-22 16:42:41 - [TEST_STEP][PASSED] - setText: Text 'test' is set on object 'Object Repository/Sign up for service provider/Page_Workilo  Welcome/input_first_name'

2018-11-22 16:42:41 - [MESSAGE][PASSED] - Text 'test' is set on object 'Object Repository/Sign up for service provider/Page_Workilo  Welcome/input_first_name'

2018-11-22 16:42:41 - [TEST_STEP][PASSED] - setText: Text 'demo' is set on object 'Object Repository/Sign up for service provider/Page_Workilo  Welcome/input_last_name'

2018-11-22 16:42:41 - [MESSAGE][PASSED] - Text 'demo' is set on object 'Object Repository/Sign up for service provider/Page_Workilo  Welcome/input_last_name'

2018-11-22 16:42:41 - [TEST_STEP][PASSED] - setText: Text 'admin#123' is set on object 'Object Repository/Sign up for service provider/Page_Workilo  Welcome/input_new_password'

2018-11-22 16:42:42 - [MESSAGE][PASSED] - Text 'admin#123' is set on object 'Object Repository/Sign up for service provider/Page_Workilo  Welcome/input_new_password'

2018-11-22 16:42:42 - [TEST_STEP][PASSED] - setText: Text '90876543' is set on object 'Object Repository/Sign up for service provider/Page_Workilo  Welcome/input_contact_number'

2018-11-22 16:42:42 - [MESSAGE][PASSED] - Text '90876543' is set on object 'Object Repository/Sign up for service provider/Page_Workilo  Welcome/input_contact_number'

2018-11-22 16:42:42 - [TEST_STEP][PASSED] - clickEvent.SelectServices.clickUsingJS1: clickEvent.SelectServices.clickUsingJS1 is PASSED

2018-11-22 16:42:42 - [MESSAGE][PASSED] - clickEvent.SelectServices.clickUsingJS1 is PASSED

2018-11-22 16:42:42 - [TEST_STEP][PASSED] - Statement - Try: Finding Test Object with id 'Object Repository/Sign up for service provider/Page_Workilo  Welcome/Duplicate Email'

2018-11-22 16:42:42 - [TEST_STEP][PASSED] - Statement - If (com.kms.katalon.core.webui.keyword.WebUiBuiltInKeywords.verifyElementPresent(com.kms.katalon.core.testobject.ObjectRepository.findTestObject(Object Repository/Sign up for service provider/Page_Workilo  Welcome/Duplicate Email), OPTIONAL)): Finding Test Object with id 'Object Repository/Sign up for service provider/Page_Workilo  Welcome/Duplicate Email'

2018-11-22 16:42:42 - [TEST_STEP][PASSED] - Statement - Catch (Exception e): Unable to verify object 'Object Repository/Sign up for service provider/Page_Workilo  Shop Setup/Profile Image' is present (Root cause: org.openqa.selenium.InvalidSelectorException: invalid selector: Unable to locate an element with the xpath expression  because of the following error:
SyntaxError: Failed to execute 'evaluate' on 'Document': The string '' is not a valid XPath expression.
  (Session info: chrome=70.0.3538.102)
  (Driver info: chromedriver=2.43.600210 (68dcf5eebde37173d4027fa8635e332711d2874a),platform=Windows NT 6.3.9600 x86_64) (WARNING: The server did not provide any stacktrace information)
Command duration or timeout: 0 milliseconds
For documentation on this error, please visit: http://seleniumhq.org/exceptions/invalid_selector_exception.html
Build info: version: '3.7.1', revision: '8a0099a', time: '2017-11-06T21:07:36.161Z'
System info: host: 'WINCTRL-I1MBNJ3', ip: '192.168.0.110', os.name: 'Windows 8.1', os.arch: 'amd64', os.version: '6.3', java.version: '1.8.0_102'
Driver info: com.kms.katalon.selenium.driver.CChromeDriver
Capabilities {acceptInsecureCerts: false, acceptSslCerts: false, applicationCacheEnabled: false, browserConnectionEnabled: false, browserName: chrome, chrome: {chromedriverVersion: 2.43.600210 (68dcf5eebde371..., userDataDir: C:\Users\ASSET-~1\AppData\L...}, cssSelectorsEnabled: true, databaseEnabled: false, goog:chromeOptions: {debuggerAddress: localhost:60669}, handlesAlerts: true, hasTouchScreen: false, javascriptEnabled: true, locationContextEnabled: true, mobileEmulationEnabled: false, nativeEvents: true, networkConnectionEnabled: false, pageLoadStrategy: normal, platform: XP, platformName: XP, rotatable: false, setWindowRect: true, takesHeapSnapshot: true, takesScreenshot: true, unexpectedAlertBehaviour: , unhandledPromptBehavior: , version: 70.0.3538.102, webStorageEnabled: true}
Session ID: 84ab8d9003b785e4948b261550e35ce8
*** Element info: {Using=xpath, value=})

2018-11-22 16:42:42 - [TEST_STEP][PASSED] - Statement - title = com.kms.katalon.core.webui.keyword.WebUiBuiltInKeywords.getWindowTitle(): Current window's title is: 'Workilo :: Home Improvement And Renovation Services in Brooklyn by Workilo'

2018-11-22 16:42:42 - [MESSAGE][PASSED] - Current window's title is: 'Workilo :: Home Improvement And Renovation Services in Brooklyn by Workilo'

2018-11-22 16:42:42 - [TEST_STEP][PASSED] - verifyMatch: Actual text 'Workilo :: Home Improvement And Renovation Services in Brooklyn by Workilo' and expected text 'Workilo :: Home Improvement And Renovation Services in Brooklyn by Workilo' are matched  using regular expression

2018-11-22 16:42:42 - [MESSAGE][PASSED] - Actual text 'Workilo :: Home Improvement And Renovation Services in Brooklyn by Workilo' and expected text 'Workilo :: Home Improvement And Renovation Services in Brooklyn by Workilo' are matched  using regular expression

2018-11-22 16:42:42 - [TEST_STEP][PASSED] - Statement - If (com.kms.katalon.core.webui.keyword.WebUiBuiltInKeywords.verifyElementPresent(com.kms.katalon.core.testobject.ObjectRepository.findTestObject(Object Repository/Sign up for service provider/Page_Workilo  Shop Setup/Profile Image), 5, OPTIONAL)): Unable to verify object 'Object Repository/Sign up for service provider/Page_Workilo  Shop Setup/Profile Image' is present (Root cause: org.openqa.selenium.InvalidSelectorException: invalid selector: Unable to locate an element with the xpath expression  because of the following error:
SyntaxError: Failed to execute 'evaluate' on 'Document': The string '' is not a valid XPath expression.
  (Session info: chrome=70.0.3538.102)
  (Driver info: chromedriver=2.43.600210 (68dcf5eebde37173d4027fa8635e332711d2874a),platform=Windows NT 6.3.9600 x86_64) (WARNING: The server did not provide any stacktrace information)
Command duration or timeout: 0 milliseconds
For documentation on this error, please visit: http://seleniumhq.org/exceptions/invalid_selector_exception.html
Build info: version: '3.7.1', revision: '8a0099a', time: '2017-11-06T21:07:36.161Z'
System info: host: 'WINCTRL-I1MBNJ3', ip: '192.168.0.110', os.name: 'Windows 8.1', os.arch: 'amd64', os.version: '6.3', java.version: '1.8.0_102'
Driver info: com.kms.katalon.selenium.driver.CChromeDriver
Capabilities {acceptInsecureCerts: false, acceptSslCerts: false, applicationCacheEnabled: false, browserConnectionEnabled: false, browserName: chrome, chrome: {chromedriverVersion: 2.43.600210 (68dcf5eebde371..., userDataDir: C:\Users\ASSET-~1\AppData\L...}, cssSelectorsEnabled: true, databaseEnabled: false, goog:chromeOptions: {debuggerAddress: localhost:60669}, handlesAlerts: true, hasTouchScreen: false, javascriptEnabled: true, locationContextEnabled: true, mobileEmulationEnabled: false, nativeEvents: true, networkConnectionEnabled: false, pageLoadStrategy: normal, platform: XP, platformName: XP, rotatable: false, setWindowRect: true, takesHeapSnapshot: true, takesScreenshot: true, unexpectedAlertBehaviour: , unhandledPromptBehavior: , version: 70.0.3538.102, webStorageEnabled: true}
Session ID: 84ab8d9003b785e4948b261550e35ce8
*** Element info: {Using=xpath, value=})

2018-11-22 16:42:48 - [MESSAGE][WARNING] - Unable to verify object 'Object Repository/Sign up for service provider/Page_Workilo  Shop Setup/Profile Image' is present (Root cause: org.openqa.selenium.InvalidSelectorException: invalid selector: Unable to locate an element with the xpath expression  because of the following error:
SyntaxError: Failed to execute 'evaluate' on 'Document': The string '' is not a valid XPath expression.
  (Session info: chrome=70.0.3538.102)
  (Driver info: chromedriver=2.43.600210 (68dcf5eebde37173d4027fa8635e332711d2874a),platform=Windows NT 6.3.9600 x86_64) (WARNING: The server did not provide any stacktrace information)
Command duration or timeout: 0 milliseconds
For documentation on this error, please visit: http://seleniumhq.org/exceptions/invalid_selector_exception.html
Build info: version: '3.7.1', revision: '8a0099a', time: '2017-11-06T21:07:36.161Z'
System info: host: 'WINCTRL-I1MBNJ3', ip: '192.168.0.110', os.name: 'Windows 8.1', os.arch: 'amd64', os.version: '6.3', java.version: '1.8.0_102'
Driver info: com.kms.katalon.selenium.driver.CChromeDriver
Capabilities {acceptInsecureCerts: false, acceptSslCerts: false, applicationCacheEnabled: false, browserConnectionEnabled: false, browserName: chrome, chrome: {chromedriverVersion: 2.43.600210 (68dcf5eebde371..., userDataDir: C:\Users\ASSET-~1\AppData\L...}, cssSelectorsEnabled: true, databaseEnabled: false, goog:chromeOptions: {debuggerAddress: localhost:60669}, handlesAlerts: true, hasTouchScreen: false, javascriptEnabled: true, locationContextEnabled: true, mobileEmulationEnabled: false, nativeEvents: true, networkConnectionEnabled: false, pageLoadStrategy: normal, platform: XP, platformName: XP, rotatable: false, setWindowRect: true, takesHeapSnapshot: true, takesScreenshot: true, unexpectedAlertBehaviour: , unhandledPromptBehavior: , version: 70.0.3538.102, webStorageEnabled: true}
Session ID: 84ab8d9003b785e4948b261550e35ce8
*** Element info: {Using=xpath, value=})
[[ATTACHMENT|C:\\Users\\Asset-192\\Katalon Studio\\Workilo\\Reports\\sign up\\20181122_164129\\1542885168109.png]]

2018-11-22 16:42:48 - [TEST_STEP][PASSED] - Statement - Finally: Browser is closed

2018-11-22 16:42:48 - [TEST_STEP][PASSED] - closeBrowser: Browser is closed

2018-11-22 16:42:49 - [MESSAGE][PASSED] - Browser is closed]]></system-out>
         <system-err><![CDATA[]]></system-err>
      </testcase>
      <system-out><![CDATA[2018-11-22 16:41:34 - [TEST_SUITE][PASSED] - sign up: Test Cases/Sign up for service provider]]></system-out>
      <system-err><![CDATA[]]></system-err>
   </testsuite>
</testsuites>
